0 info it worked if it ends with ok
1 verbose cli [ '/home/dfredriksen/.nvm/versions/node/v6.10.3/bin/node',
1 verbose cli   '/home/dfredriksen/.nvm/versions/node/v6.10.3/bin/npm',
1 verbose cli   'publish' ]
2 info using npm@3.10.10
3 info using node@v6.10.3
4 verbose publish [ '.' ]
5 silly cache add args [ '.', null ]
6 verbose cache add spec .
7 silly cache add parsed spec Result {
7 silly cache add   raw: '.',
7 silly cache add   scope: null,
7 silly cache add   escapedName: null,
7 silly cache add   name: null,
7 silly cache add   rawSpec: '.',
7 silly cache add   spec: '/home/dfredriksen/SCEPTER-dynamodb-lib',
7 silly cache add   type: 'directory' }
8 verbose addLocalDirectory /home/dfredriksen/.npm/@source4society/scepter-dynamodb-lib/0.0.3/package.tgz not in flight; packing
9 verbose correctMkdir /home/dfredriksen/.npm correctMkdir not in flight; initializing
10 info lifecycle @source4society/scepter-dynamodb-lib@0.0.3~prepublish: @source4society/scepter-dynamodb-lib@0.0.3
11 silly lifecycle @source4society/scepter-dynamodb-lib@0.0.3~prepublish: no script for prepublish, continuing
12 verbose tar pack [ '/home/dfredriksen/.npm/@source4society/scepter-dynamodb-lib/0.0.3/package.tgz',
12 verbose tar pack   '/home/dfredriksen/SCEPTER-dynamodb-lib' ]
13 verbose tarball /home/dfredriksen/.npm/@source4society/scepter-dynamodb-lib/0.0.3/package.tgz
14 verbose folder /home/dfredriksen/SCEPTER-dynamodb-lib
15 verbose addLocalTarball adding from inside cache /home/dfredriksen/.npm/@source4society/scepter-dynamodb-lib/0.0.3/package.tgz
16 verbose correctMkdir /home/dfredriksen/.npm correctMkdir not in flight; initializing
17 silly cache afterAdd @source4society/scepter-dynamodb-lib@0.0.3
18 verbose afterAdd /home/dfredriksen/.npm/@source4society/scepter-dynamodb-lib/0.0.3/package/package.json not in flight; writing
19 verbose correctMkdir /home/dfredriksen/.npm correctMkdir not in flight; initializing
20 verbose afterAdd /home/dfredriksen/.npm/@source4society/scepter-dynamodb-lib/0.0.3/package/package.json written
21 silly publish { name: '@source4society/scepter-dynamodb-lib',
21 silly publish   version: '0.0.3',
21 silly publish   description: 'DynamoDB implementation for SCEPTER framework',
21 silly publish   main: 'index.js',
21 silly publish   repository:
21 silly publish    { type: 'git',
21 silly publish      url: 'git+ssh://git@github.com/source4societyorg/SCEPTER-dynamodb-lib.git' },
21 silly publish   author: { name: 'source4society' },
21 silly publish   license: 'AGPL-3.0',
21 silly publish   scripts: { test: 'eslint index.js' },
21 silly publish   dependencies: { 'aws-sdk': '^2.145.0', eslint: '^4.10.0' },
21 silly publish   devDependencies:
21 silly publish    { 'eslint-config-standard': '^10.2.1',
21 silly publish      'eslint-plugin-import': '^2.8.0',
21 silly publish      'eslint-plugin-node': '^5.2.1',
21 silly publish      'eslint-plugin-promise': '^3.6.0',
21 silly publish      'eslint-plugin-standard': '^3.0.1' },
21 silly publish   readme: '# SCEPTER-dyanmodb\n\nThis library provides an implementation of dynamodb for use in the SCEPTER framework.\n\nTo install:\n\n    npm -S install @source4society/scepter-dynamodb-lib\n    yarn add @source4society/scepter-dynamodb-lib\n\nThen simply require scepter-dynamodb in your script.\n\n',
21 silly publish   readmeFilename: 'README.md',
21 silly publish   gitHead: '665580a5fffed4c2133fa4179595d89864860e89',
21 silly publish   bugs: { url: 'https://github.com/source4societyorg/SCEPTER-dynamodb-lib/issues' },
21 silly publish   homepage: 'https://github.com/source4societyorg/SCEPTER-dynamodb-lib#readme',
21 silly publish   _id: '@source4society/scepter-dynamodb-lib@0.0.3',
21 silly publish   _shasum: '143702f82953c4ff1e9b23ccbd9f69d4e7d401e7',
21 silly publish   _from: '.' }
22 verbose getPublishConfig undefined
23 silly mapToRegistry name @source4society/scepter-dynamodb-lib
24 silly mapToRegistry scope (from package name) @source4society
25 verbose mapToRegistry no registry URL found in name for scope @source4society
26 silly mapToRegistry using default registry
27 silly mapToRegistry registry https://registry.npmjs.org/
28 silly mapToRegistry data Result {
28 silly mapToRegistry   raw: '@source4society/scepter-dynamodb-lib',
28 silly mapToRegistry   scope: '@source4society',
28 silly mapToRegistry   escapedName: '@source4society%2fscepter-dynamodb-lib',
28 silly mapToRegistry   name: '@source4society/scepter-dynamodb-lib',
28 silly mapToRegistry   rawSpec: '',
28 silly mapToRegistry   spec: 'latest',
28 silly mapToRegistry   type: 'tag' }
29 silly mapToRegistry uri https://registry.npmjs.org/@source4society%2fscepter-dynamodb-lib
30 verbose publish registryBase https://registry.npmjs.org/
31 silly publish uploading /home/dfredriksen/.npm/@source4society/scepter-dynamodb-lib/0.0.3/package.tgz
32 verbose request uri https://registry.npmjs.org/@source4society%2fscepter-dynamodb-lib
33 verbose request sending authorization for write operation
34 info attempt registry request try #1 at 9:29:38 AM
35 verbose request using bearer token for auth
36 verbose request id 869955af20b53f09
37 http request PUT https://registry.npmjs.org/@source4society%2fscepter-dynamodb-lib
38 http 403 https://registry.npmjs.org/@source4society%2fscepter-dynamodb-lib
39 verbose headers { 'content-type': 'application/json',
39 verbose headers   'cache-control': 'max-age=0',
39 verbose headers   'content-length': '91',
39 verbose headers   'accept-ranges': 'bytes',
39 verbose headers   date: 'Wed, 06 Dec 2017 09:29:39 GMT',
39 verbose headers   via: '1.1 varnish',
39 verbose headers   connection: 'keep-alive',
39 verbose headers   'x-served-by': 'cache-iad2130-IAD',
39 verbose headers   'x-cache': 'MISS',
39 verbose headers   'x-cache-hits': '0',
39 verbose headers   'x-timer': 'S1512552579.067055,VS0,VE372' }
40 verbose request invalidating /home/dfredriksen/.npm/registry.npmjs.org/_40source4society_252fscepter-dynamodb-lib on PUT
41 error publish Failed PUT 403
42 verbose stack Error: You cannot publish over the previously published version 0.0.3. : @source4society/scepter-dynamodb-lib
42 verbose stack     at makeError (/home/dfredriksen/.nvm/versions/node/v6.10.3/lib/node_modules/npm/node_modules/npm-registry-client/lib/request.js:302:12)
42 verbose stack     at CachingRegistryClient.<anonymous> (/home/dfredriksen/.nvm/versions/node/v6.10.3/lib/node_modules/npm/node_modules/npm-registry-client/lib/request.js:290:14)
42 verbose stack     at Request._callback (/home/dfredriksen/.nvm/versions/node/v6.10.3/lib/node_modules/npm/node_modules/npm-registry-client/lib/request.js:210:14)
42 verbose stack     at Request.self.callback (/home/dfredriksen/.nvm/versions/node/v6.10.3/lib/node_modules/npm/node_modules/request/request.js:187:22)
42 verbose stack     at emitTwo (events.js:106:13)
42 verbose stack     at Request.emit (events.js:191:7)
42 verbose stack     at Request.<anonymous> (/home/dfredriksen/.nvm/versions/node/v6.10.3/lib/node_modules/npm/node_modules/request/request.js:1048:10)
42 verbose stack     at emitOne (events.js:96:13)
42 verbose stack     at Request.emit (events.js:188:7)
42 verbose stack     at IncomingMessage.<anonymous> (/home/dfredriksen/.nvm/versions/node/v6.10.3/lib/node_modules/npm/node_modules/request/request.js:969:12)
43 verbose statusCode 403
44 verbose pkgid @source4society/scepter-dynamodb-lib
45 verbose cwd /home/dfredriksen/SCEPTER-dynamodb-lib
46 error Linux 4.4.0-45-generic
47 error argv "/home/dfredriksen/.nvm/versions/node/v6.10.3/bin/node" "/home/dfredriksen/.nvm/versions/node/v6.10.3/bin/npm" "publish"
48 error node v6.10.3
49 error npm  v3.10.10
50 error code E403
51 error You cannot publish over the previously published version 0.0.3. : @source4society/scepter-dynamodb-lib
52 error If you need help, you may report this error at:
52 error     <https://github.com/npm/npm/issues>
53 verbose exit [ 1, true ]
